<?xml version="1.0" encoding="UTF-8"?>
<!-- Generated by org.testng.reporters.JUnitReportReporter -->
<testsuite skipped="0" hostname="DESKTOP-8B96U45" name="script.LoginPage" tests="4" failures="0" timestamp="2020-06-18T18:14:05 IST" time="40.692" errors="0">
  <testcase name="browserLaunch" time="15.736" classname="script.LoginPage"/>
  <system-out/>
  <testcase name="browserLaunch" time="12.261" classname="script.LoginPage"/>
  <system-out/>
  <testcase name="Login" time="4.789" classname="script.LoginPage"/>
  <system-out/>
  <testcase name="Login" time="7.906" classname="script.LoginPage"/>
  <system-out/>
</testsuite> <!-- script.LoginPage -->
