<?xml version="1.0" encoding="UTF-8"?>
<!-- Generated by org.testng.reporters.JUnitReportReporter -->
<testsuite skipped="0" hostname="DESKTOP-8B96U45" name="script.Annotations" tests="1" failures="0" timestamp="2020-06-16T17:28:05 IST" time="10.606" errors="0">
  <testcase name="TestCase3" time="10.606" classname="script.Annotations"/>
  <system-out/>
</testsuite> <!-- script.Annotations -->
