<?xml version="1.0" encoding="UTF-8"?>
<!-- Generated by org.testng.reporters.JUnitReportReporter -->
<testsuite skipped="0" hostname="DESKTOP-8B96U45" name="script.OrgHRM" tests="5" failures="0" timestamp="2020-06-17T11:57:09 IST" time="13.412" errors="0">
  <testcase name="TestCase3" time="5.406" classname="script.OrgHRM"/>
  <system-out/>
  <testcase name="TestCase2" time="3.057" classname="script.OrgHRM"/>
  <system-out/>
  <testcase name="TestCase5" time="1.873" classname="script.OrgHRM"/>
  <system-out/>
  <testcase name="TestCase4" time="1.425" classname="script.OrgHRM"/>
  <system-out/>
  <testcase name="TestCase6" time="1.651" classname="script.OrgHRM"/>
  <system-out/>
</testsuite> <!-- script.OrgHRM -->
