<?xml version="1.0" encoding="UTF-8"?>
<!-- Generated by org.testng.reporters.JUnitReportReporter -->
<testsuite skipped="0" hostname="DESKTOP-8B96U45" name="webdriver.OrgHRM" tests="2" failures="0" timestamp="2020-06-16T15:07:41 IST" time="0.015" errors="0">
  <testcase name="aTestCase" time="0.000" classname="webdriver.OrgHRM"/>
  <system-out/>
  <testcase name="bTestCase" time="0.015" classname="webdriver.OrgHRM"/>
  <system-out/>
</testsuite> <!-- webdriver.OrgHRM -->
